# 晨报生成记录 - 2026-04-13

## 执行状态
- **时间**: 2026-04-13 07:17 CST
- **任务**: 每日晨报自动生成（cron:ae1aa327-1a04-471c-ac0f-8308bad133c1）

## 完成情况

### ✅ 已完成
1. **信息搜集** - 搜索了AI DevOps、头部AI公司、具身智能/机器人、云原生、项目管理五大领域
2. **HTML生成** - 创建 `/morning-news-site/2026-04-13.html`（18.8KB）
3. **首页更新** - 更新 `index.html`，添加今日晨报入口
4. **归档更新** - 更新 `archives.html`，添加2026-04-13归档
5. **飞书推送** - 晨报摘要已通过飞书发送给用户

### ⚠️ 待处理
- **GitHub Pages推送** - 因token认证问题未能自动推送，需手动处理
  - 错误: `Invalid username or token. Password authentication is not supported`
  - 建议: 更新GitHub Personal Access Token后手动推送

## 今日晨报核心内容

### 关键数字
- AI Agent市场：50亿 → 500亿美元（2024→2030）
- Kimi估值：1200亿人民币
- 星海图估值：200亿人民币
- 2026年人形机器人出货预测：6.25万台
- AI在研发项目管理中渗透率增长：86%
- RAG系统采用Milvus比例：60%

### 热点话题
1. AgentOps崛起，2026年核心挑战从成本转向质量
2. GitHub AI项目霸榜，Agent工具成为主流
3. Kimi从被唱衰到估值1200亿的逆袭之路
4. 具身智能2026年"清场"，百亿俱乐部形成
5. Kubernetes 1.36即将发布，Fluid晋升CNCF孵化项目

## 晨报链接
- **本地文件**: `/root/.openclaw/workspace/morning-news-site/2026-04-13.html`
- **在线版本**: https://vivianking6855.github.io/openclaw-morning-news/2026-04-13.html（需GitHub推送后生效）
